# JRE version: OpenJDK Runtime Environment (8.0_412-b08) (build 1.8.0_412-b08)
# Java VM: OpenJDK 64-Bit Server VM (25.412-b08 mixed mode windows-amd64 compressed oops)
Heap:
 PSYoungGen      total 145920K, used 123055K [0x00000000d6780000, 0x00000000e0480000, 0x0000000100000000)
  eden space 131072K, 93% used [0x00000000d6780000,0x00000000ddfabf70,0x00000000de780000)
  from space 14848K, 0% used [0x00000000df600000,0x00000000df600000,0x00000000e0480000)
  to   space 14848K, 0% used [0x00000000de780000,0x00000000de780000,0x00000000df600000)
 ParOldGen       total 84480K, used 24582K [0x0000000083600000, 0x0000000088880000, 0x00000000d6780000)
  object space 84480K, 29% used [0x0000000083600000,0x0000000084e01908,0x0000000088880000)
 Metaspace       used 24070K, capacity 24526K, committed 24704K, reserved 1071104K
  class space    used 2969K, capacity 3087K, committed 3200K, reserved 1048576K
GC Heap History (10 events):
Event: 1.199 GC heap before
{Heap before GC invocations=3 (full 0):
 PSYoungGen      total 37888K, used 37856K [0x00000000d6780000, 0x00000000db180000, 0x0000000100000000)
  eden space 32768K, 100% used [0x00000000d6780000,0x00000000d8780000,0x00000000d8780000)
  from space 5120K, 99% used [0x00000000d8c80000,0x00000000d9178030,0x00000000d9180000)
  to   space 5120K, 0% used [0x00000000d8780000,0x00000000d8780000,0x00000000d8c80000)
 ParOldGen       total 86016K, used 8028K [0x0000000083600000, 0x0000000088a00000, 0x00000000d6780000)
  object space 86016K, 9% used [0x0000000083600000,0x0000000083dd73e8,0x0000000088a00000)
 Metaspace       used 13551K, capacity 13760K, committed 14080K, reserved 1060864K
  class space    used 1676K, capacity 1770K, committed 1792K, reserved 1048576K
Event: 1.205 GC heap after
Heap after GC invocations=3 (full 0):
 PSYoungGen      total 37888K, used 5107K [0x00000000d6780000, 0x00000000db180000, 0x0000000100000000)
  eden space 32768K, 0% used [0x00000000d6780000,0x00000000d6780000,0x00000000d8780000)
  from space 5120K, 99% used [0x00000000d8780000,0x00000000d8c7ce38,0x00000000d8c80000)
  to   space 5120K, 0% used [0x00000000dac80000,0x00000000dac80000,0x00000000db180000)
 ParOldGen       total 86016K, used 15790K [0x0000000083600000, 0x0000000088a00000, 0x00000000d6780000)
  object space 86016K, 18% used [0x0000000083600000,0x000000008456b940,0x0000000088a00000)
 Metaspace       used 13551K, capacity 13760K, committed 14080K, reserved 1060864K
  class space    used 1676K, capacity 1770K, committed 1792K, reserved 1048576K
}
Event: 1.701 GC heap before
{Heap before GC invocations=4 (full 0):
 PSYoungGen      total 37888K, used 37875K [0x00000000d6780000, 0x00000000db180000, 0x0000000100000000)
  eden space 32768K, 100% used [0x00000000d6780000,0x00000000d8780000,0x00000000d8780000)
  from space 5120K, 99% used [0x00000000d8780000,0x00000000d8c7ce38,0x00000000d8c80000)
  to   space 5120K, 0% used [0x00000000dac80000,0x00000000dac80000,0x00000000db180000)
 ParOldGen       total 86016K, used 15790K [0x0000000083600000, 0x0000000088a00000, 0x00000000d6780000)
  object space 86016K, 18% used [0x0000000083600000,0x000000008456b940,0x0000000088a00000)
 Metaspace       used 17674K, capacity 17878K, committed 18304K, reserved 1064960K
  class space    used 2241K, capacity 2323K, committed 2432K, reserved 1048576K
Event: 1.707 GC heap after
Heap after GC invocations=4 (full 0):
 PSYoungGen      total 70656K, used 5106K [0x00000000d6780000, 0x00000000db180000, 0x0000000100000000)
  eden space 65536K, 0% used [0x00000000d6780000,0x00000000d6780000,0x00000000da780000)
  from space 5120K, 99% used [0x00000000dac80000,0x00000000db17c8e0,0x00000000db180000)
  to   space 5120K, 0% used [0x00000000da780000,0x00000000da780000,0x00000000dac80000)
 ParOldGen       total 86016K, used 21672K [0x0000000083600000, 0x0000000088a00000, 0x00000000d6780000)
  object space 86016K, 25% used [0x0000000083600000,0x0000000084b2a258,0x0000000088a00000)
 Metaspace       used 17674K, capacity 17878K, committed 18304K, reserved 1064960K
  class space    used 2241K, capacity 2323K, committed 2432K, reserved 1048576K
}
Event: 2.643 GC heap before
{Heap before GC invocations=5 (full 0):
 PSYoungGen      total 70656K, used 70642K [0x00000000d6780000, 0x00000000db180000, 0x0000000100000000)
  eden space 65536K, 100% used [0x00000000d6780000,0x00000000da780000,0x00000000da780000)
  from space 5120K, 99% used [0x00000000dac80000,0x00000000db17c8e0,0x00000000db180000)
  to   space 5120K, 0% used [0x00000000da780000,0x00000000da780000,0x00000000dac80000)
 ParOldGen       total 86016K, used 21672K [0x0000000083600000, 0x0000000088a00000, 0x00000000d6780000)
  object space 86016K, 25% used [0x0000000083600000,0x0000000084b2a258,0x0000000088a00000)
 Metaspace       used 20390K, capacity 20684K, committed 20864K, reserved 1067008K
  class space    used 2565K, capacity 2662K, committed 2688K, reserved 1048576K
Event: 2.653 GC heap after
Heap after GC invocations=5 (full 0):
 PSYoungGen      total 70656K, used 5106K [0x00000000d6780000, 0x00000000e0480000, 0x0000000100000000)
  eden space 65536K, 0% used [0x00000000d6780000,0x00000000d6780000,0x00000000da780000)
  from space 5120K, 99% used [0x00000000da780000,0x00000000dac7c910,0x00000000dac80000)
  to   space 14848K, 0% used [0x00000000df600000,0x00000000df600000,0x00000000e0480000)
 ParOldGen       total 86016K, used 26263K [0x0000000083600000, 0x0000000088a00000, 0x00000000d6780000)
  object space 86016K, 30% used [0x0000000083600000,0x0000000084fa5eb0,0x0000000088a00000)
 Metaspace       used 20390K, capacity 20684K, committed 20864K, reserved 1067008K
  class space    used 2565K, capacity 2662K, committed 2688K, reserved 1048576K
}
Event: 2.764 GC heap before
{Heap before GC invocations=6 (full 0):
 PSYoungGen      total 70656K, used 21106K [0x00000000d6780000, 0x00000000e0480000, 0x0000000100000000)
  eden space 65536K, 24% used [0x00000000d6780000,0x00000000d7720048,0x00000000da780000)
  from space 5120K, 99% used [0x00000000da780000,0x00000000dac7c910,0x00000000dac80000)
  to   space 14848K, 0% used [0x00000000df600000,0x00000000df600000,0x00000000e0480000)
 ParOldGen       total 86016K, used 26263K [0x0000000083600000, 0x0000000088a00000, 0x00000000d6780000)
  object space 86016K, 30% used [0x0000000083600000,0x0000000084fa5eb0,0x0000000088a00000)
 Metaspace       used 20811K, capacity 21036K, committed 21248K, reserved 1067008K
  class space    used 2592K, capacity 2694K, committed 2816K, reserved 1048576K
Event: 2.771 GC heap after
Heap after GC invocations=6 (full 0):
 PSYoungGen      total 145920K, used 6758K [0x00000000d6780000, 0x00000000e0480000, 0x0000000100000000)
  eden space 131072K, 0% used [0x00000000d6780000,0x00000000d6780000,0x00000000de780000)
  from space 14848K, 45% used [0x00000000df600000,0x00000000dfc99a18,0x00000000e0480000)
  to   space 14848K, 0% used [0x00000000de780000,0x00000000de780000,0x00000000df600000)
 ParOldGen       total 86016K, used 26271K [0x0000000083600000, 0x0000000088a00000, 0x00000000d6780000)
  object space 86016K, 30% used [0x0000000083600000,0x0000000084fa7eb0,0x0000000088a00000)
 Metaspace       used 20811K, capacity 21036K, committed 21248K, reserved 1067008K
  class space    used 2592K, capacity 2694K, committed 2816K, reserved 1048576K
}
Event: 2.771 GC heap before
{Heap before GC invocations=7 (full 1):
 PSYoungGen      total 145920K, used 6758K [0x00000000d6780000, 0x00000000e0480000, 0x0000000100000000)
  eden space 131072K, 0% used [0x00000000d6780000,0x00000000d6780000,0x00000000de780000)
  from space 14848K, 45% used [0x00000000df600000,0x00000000dfc99a18,0x00000000e0480000)
  to   space 14848K, 0% used [0x00000000de780000,0x00000000de780000,0x00000000df600000)
 ParOldGen       total 86016K, used 26271K [0x0000000083600000, 0x0000000088a00000, 0x00000000d6780000)
  object space 86016K, 30% used [0x0000000083600000,0x0000000084fa7eb0,0x0000000088a00000)
 Metaspace       used 20811K, capacity 21036K, committed 21248K, reserved 1067008K
  class space    used 2592K, capacity 2694K, committed 2816K, reserved 1048576K
Event: 2.847 GC heap after
Heap after GC invocations=7 (full 1):
 PSYoungGen      total 145920K, used 0K [0x00000000d6780000, 0x00000000e0480000, 0x0000000100000000)
  eden space 131072K, 0% used [0x00000000d6780000,0x00000000d6780000,0x00000000de780000)
  from space 14848K, 0% used [0x00000000df600000,0x00000000df600000,0x00000000e0480000)
  to   space 14848K, 0% used [0x00000000de780000,0x00000000de780000,0x00000000df600000)
 ParOldGen       total 84480K, used 24582K [0x0000000083600000, 0x0000000088880000, 0x00000000d6780000)
  object space 84480K, 29% used [0x0000000083600000,0x0000000084e01908,0x0000000088880000)
 Metaspace       used 20811K, capacity 21036K, committed 21248K, reserved 1067008K
  class space    used 2592K, capacity 2694K, committed 2816K, reserved 1048576K
}

